<?xml version="1.0" encoding="UTF-8"?>
<!-- Generated by org.testng.reporters.JUnitReportReporter -->
<testsuite hostname="TYC112121" failures="0" tests="1" name="test.Sample_Manev_Project.Working_With_FlipcartTest" time="23.302" errors="0" timestamp="2022-02-02T17:25:27 IST" skipped="0">
  <testcase classname="test.Sample_Manev_Project.Working_With_FlipcartTest" name="Searching" time="23.302"/>
  <system-out/>
</testsuite> <!-- test.Sample_Manev_Project.Working_With_FlipcartTest -->
