<?xml version="1.0" encoding="UTF-8"?>
<!-- Generated by org.testng.reporters.JUnitReportReporter -->
<testsuite hostname="TYC112121" failures="0" tests="1" name="test.Sample_Manev_Project.Working_With_MynthraTest" time="73.626" errors="0" timestamp="2022-02-02T17:42:23 IST" skipped="0">
  <testcase classname="test.Sample_Manev_Project.Working_With_MynthraTest" name="Searching" time="73.626"/>
  <system-out/>
</testsuite> <!-- test.Sample_Manev_Project.Working_With_MynthraTest -->
