<?xml version="1.0" encoding="UTF-8"?>
<!-- Generated by org.testng.reporters.JUnitReportReporter -->
<testsuite hostname="TYC112121" failures="0" tests="2" name="test.Sample_Manev_Project.SamlpeTest" time="0.020" errors="0" timestamp="2022-02-02T12:36:35 IST" skipped="0">
  <testcase classname="test.Sample_Manev_Project.SamlpeTest" name="Demo" time="0.015"/>
  <system-out/>
  <testcase classname="test.Sample_Manev_Project.SamlpeTest" name="Nikhilesh" time="0.005"/>
  <system-out/>
</testsuite> <!-- test.Sample_Manev_Project.SamlpeTest -->
